<?xml version="1.0" encoding="utf-8"?><testsuites name="pytest tests"><testsuite name="pytest" errors="0" failures="0" skipped="0" tests="6" time="0.808" timestamp="2026-09-07T15:45:20.441368+00:00" hostname="agent-env-0bfc9c68-91b7-42cd-bc89-303d557e53ae"><testcase classname="tests.test_wallet.TestApplePass" name="test_apple_returns_503_when_unconfigured" time="0.209" /><testcase classname="tests.test_wallet.TestWalletStatus" name="test_status_200_shape" time="0.255" /><testcase classname="tests.test_wallet.TestApplePass" name="test_apple_missing_expires_returns_422" time="0.075" /><testcase classname="tests.test_wallet.TestWalletStatus" name="test_status_reports_keys_missing" time="0.077" /><testcase classname="tests.test_wallet.TestGooglePass" name="test_google_returns_503_when_unconfigured" time="0.084" /><testcase classname="tests.test_wallet.TestGooglePass" name="test_google_missing_expires_returns_422" time="0.078" /></testsuite></testsuites>